[0.077s] DEBUG:colcon:Command line arguments: ['/usr/bin/colcon', 'build']
[0.077s] DEBUG:colcon:Parsed command line arguments: Namespace(log_base=None, log_level=None, verb_name='build', build_base='build', install_base='install', merge_install=False, symlink_install=False, test_result_base=None, continue_on_error=False, executor='parallel', parallel_workers=12, event_handlers=None, ignore_user_meta=False, metas=['./colcon.meta'], base_paths=['.'], packages_ignore=None, packages_ignore_regex=None, paths=None, packages_up_to=None, packages_up_to_regex=None, packages_above=None, packages_above_and_dependencies=None, packages_above_depth=None, packages_select_by_dep=None, packages_skip_by_dep=None, packages_skip_up_to=None, packages_select_build_failed=False, packages_skip_build_finished=False, packages_select_test_failures=False, packages_skip_test_passed=False, packages_select=None, packages_skip=None, packages_select_regex=None, packages_skip_regex=None, packages_start=None, packages_end=None, allow_overriding=[], cmake_args=None, cmake_target=None, cmake_target_skip_unavailable=False, cmake_clean_cache=False, cmake_clean_first=False, cmake_force_configure=False, ament_cmake_args=None, catkin_cmake_args=None, catkin_skip_building_tests=False, verb_parser=<colcon_defaults.argument_parser.defaults.DefaultArgumentsDecorator object at 0x7b76bbf16b90>, verb_extension=<colcon_core.verb.build.BuildVerb object at 0x7b76bbf16650>, main=<bound method BuildVerb.main of <colcon_core.verb.build.BuildVerb object at 0x7b76bbf16650>>)
[0.242s] Level 1:colcon.colcon_core.package_discovery:discover_packages(colcon_meta) check parameters
[0.243s] Level 1:colcon.colcon_core.package_discovery:discover_packages(recursive) check parameters
[0.243s] Level 1:colcon.colcon_core.package_discovery:discover_packages(ignore) check parameters
[0.243s] Level 1:colcon.colcon_core.package_discovery:discover_packages(path) check parameters
[0.243s] Level 1:colcon.colcon_core.package_discovery:discover_packages(colcon_meta) discover
[0.243s] Level 1:colcon.colcon_core.package_discovery:discover_packages(recursive) discover
[0.243s] INFO:colcon.colcon_core.package_discovery:Crawling recursively for packages in '/home/kohki/endeza_ws'
[0.243s] Level 1:colcon.colcon_core.package_identification:_identify(.) by extensions ['ignore', 'ignore_ament_install']
[0.243s] Level 1:colcon.colcon_core.package_identification:_identify(.) by extension 'ignore'
[0.243s] Level 1:colcon.colcon_core.package_identification:_identify(.) by extension 'ignore_ament_install'
[0.243s] Level 1:colcon.colcon_core.package_identification:_identify(.) by extensions ['colcon_pkg']
[0.243s] Level 1:colcon.colcon_core.package_identification:_identify(.) by extension 'colcon_pkg'
[0.243s] Level 1:colcon.colcon_core.package_identification:_identify(.) by extensions ['colcon_meta']
[0.243s] Level 1:colcon.colcon_core.package_identification:_identify(.) by extension 'colcon_meta'
[0.243s] Level 1:colcon.colcon_core.package_identification:_identify(.) by extensions ['ros']
[0.243s] Level 1:colcon.colcon_core.package_identification:_identify(.) by extension 'ros'
[0.257s] Level 1:colcon.colcon_core.package_identification:_identify(.) by extensions ['cmake', 'python']
[0.257s] Level 1:colcon.colcon_core.package_identification:_identify(.) by extension 'cmake'
[0.257s] Level 1:colcon.colcon_core.package_identification:_identify(.) by extension 'python'
[0.257s] Level 1:colcon.colcon_core.package_identification:_identify(.) by extensions ['python_setup_py']
[0.257s] Level 1:colcon.colcon_core.package_identification:_identify(.) by extension 'python_setup_py'
[0.257s] Level 1:colcon.colcon_core.package_identification:_identify(build) by extensions ['ignore', 'ignore_ament_install']
[0.257s] Level 1:colcon.colcon_core.package_identification:_identify(build) by extension 'ignore'
[0.257s] Level 1:colcon.colcon_core.package_identification:_identify(build) ignored
[0.257s] Level 1:colcon.colcon_core.package_identification:_identify(install) by extensions ['ignore', 'ignore_ament_install']
[0.257s] Level 1:colcon.colcon_core.package_identification:_identify(install) by extension 'ignore'
[0.257s] Level 1:colcon.colcon_core.package_identification:_identify(install) ignored
[0.257s] Level 1:colcon.colcon_core.package_identification:_identify(log) by extensions ['ignore', 'ignore_ament_install']
[0.257s] Level 1:colcon.colcon_core.package_identification:_identify(log) by extension 'ignore'
[0.257s] Level 1:colcon.colcon_core.package_identification:_identify(log) ignored
[0.257s] Level 1:colcon.colcon_core.package_identification:_identify(src) by extensions ['ignore', 'ignore_ament_install']
[0.257s] Level 1:colcon.colcon_core.package_identification:_identify(src) by extension 'ignore'
[0.257s] Level 1:colcon.colcon_core.package_identification:_identify(src) by extension 'ignore_ament_install'
[0.257s] Level 1:colcon.colcon_core.package_identification:_identify(src) by extensions ['colcon_pkg']
[0.257s] Level 1:colcon.colcon_core.package_identification:_identify(src) by extension 'colcon_pkg'
[0.257s] Level 1:colcon.colcon_core.package_identification:_identify(src) by extensions ['colcon_meta']
[0.257s] Level 1:colcon.colcon_core.package_identification:_identify(src) by extension 'colcon_meta'
[0.258s] Level 1:colcon.colcon_core.package_identification:_identify(src) by extensions ['ros']
[0.258s] Level 1:colcon.colcon_core.package_identification:_identify(src) by extension 'ros'
[0.258s] Level 1:colcon.colcon_core.package_identification:_identify(src) by extensions ['cmake', 'python']
[0.258s] Level 1:colcon.colcon_core.package_identification:_identify(src) by extension 'cmake'
[0.258s] Level 1:colcon.colcon_core.package_identification:_identify(src) by extension 'python'
[0.258s] Level 1:colcon.colcon_core.package_identification:_identify(src) by extensions ['python_setup_py']
[0.258s] Level 1:colcon.colcon_core.package_identification:_identify(src) by extension 'python_setup_py'
[0.258s] Level 1:colcon.colcon_core.package_identification:_identify(src/q2rpy) by extensions ['ignore', 'ignore_ament_install']
[0.258s] Level 1:colcon.colcon_core.package_identification:_identify(src/q2rpy) by extension 'ignore'
[0.258s] Level 1:colcon.colcon_core.package_identification:_identify(src/q2rpy) by extension 'ignore_ament_install'
[0.258s] Level 1:colcon.colcon_core.package_identification:_identify(src/q2rpy) by extensions ['colcon_pkg']
[0.258s] Level 1:colcon.colcon_core.package_identification:_identify(src/q2rpy) by extension 'colcon_pkg'
[0.258s] Level 1:colcon.colcon_core.package_identification:_identify(src/q2rpy) by extensions ['colcon_meta']
[0.258s] Level 1:colcon.colcon_core.package_identification:_identify(src/q2rpy) by extension 'colcon_meta'
[0.258s] Level 1:colcon.colcon_core.package_identification:_identify(src/q2rpy) by extensions ['ros']
[0.258s] Level 1:colcon.colcon_core.package_identification:_identify(src/q2rpy) by extension 'ros'
[0.260s] DEBUG:colcon.colcon_core.package_identification:Package 'src/q2rpy' with type 'ros.ament_cmake' and name 'q2rpy'
[0.260s] Level 1:colcon.colcon_core.package_discovery:discover_packages(recursive) using defaults
[0.260s] Level 1:colcon.colcon_core.package_discovery:discover_packages(ignore) discover
[0.260s] Level 1:colcon.colcon_core.package_discovery:discover_packages(ignore) using defaults
[0.260s] Level 1:colcon.colcon_core.package_discovery:discover_packages(path) discover
[0.260s] Level 1:colcon.colcon_core.package_discovery:discover_packages(path) using defaults
[0.282s] Level 1:colcon.colcon_core.package_discovery:discover_packages(prefix_path) check parameters
[0.282s] Level 1:colcon.colcon_core.package_discovery:discover_packages(prefix_path) discover
[0.285s] DEBUG:colcon.colcon_installed_package_information.package_discovery:Found 1 installed packages in /home/kohki/ydlidar_ros2_ws/install
[0.285s] DEBUG:colcon.colcon_installed_package_information.package_discovery:Found 11 installed packages in /home/kohki/turtlebot3_ws/install
[0.286s] DEBUG:colcon.colcon_installed_package_information.package_discovery:Found 338 installed packages in /opt/ros/humble
[0.287s] Level 1:colcon.colcon_core.package_discovery:discover_packages(prefix_path) using defaults
[0.323s] Level 5:colcon.colcon_core.verb:set package 'q2rpy' build argument 'cmake_args' from command line to 'None'
[0.323s] Level 5:colcon.colcon_core.verb:set package 'q2rpy' build argument 'cmake_target' from command line to 'None'
[0.323s] Level 5:colcon.colcon_core.verb:set package 'q2rpy' build argument 'cmake_target_skip_unavailable' from command line to 'False'
[0.323s] Level 5:colcon.colcon_core.verb:set package 'q2rpy' build argument 'cmake_clean_cache' from command line to 'False'
[0.323s] Level 5:colcon.colcon_core.verb:set package 'q2rpy' build argument 'cmake_clean_first' from command line to 'False'
[0.323s] Level 5:colcon.colcon_core.verb:set package 'q2rpy' build argument 'cmake_force_configure' from command line to 'False'
[0.323s] Level 5:colcon.colcon_core.verb:set package 'q2rpy' build argument 'ament_cmake_args' from command line to 'None'
[0.323s] Level 5:colcon.colcon_core.verb:set package 'q2rpy' build argument 'catkin_cmake_args' from command line to 'None'
[0.323s] Level 5:colcon.colcon_core.verb:set package 'q2rpy' build argument 'catkin_skip_building_tests' from command line to 'False'
[0.323s] DEBUG:colcon.colcon_core.verb:Building package 'q2rpy' with the following arguments: {'ament_cmake_args': None, 'build_base': '/home/kohki/endeza_ws/build/q2rpy', 'catkin_cmake_args': None, 'catkin_skip_building_tests': False, 'cmake_args': None, 'cmake_clean_cache': False, 'cmake_clean_first': False, 'cmake_force_configure': False, 'cmake_target': None, 'cmake_target_skip_unavailable': False, 'install_base': '/home/kohki/endeza_ws/install/q2rpy', 'merge_install': False, 'path': '/home/kohki/endeza_ws/src/q2rpy', 'symlink_install': False, 'test_result_base': None}
[0.323s] INFO:colcon.colcon_core.executor:Executing jobs using 'parallel' executor
[0.324s] DEBUG:colcon.colcon_parallel_executor.executor.parallel:run_until_complete
[0.324s] INFO:colcon.colcon_ros.task.ament_cmake.build:Building ROS package in '/home/kohki/endeza_ws/src/q2rpy' with build type 'ament_cmake'
[0.324s] INFO:colcon.colcon_cmake.task.cmake.build:Building CMake package in '/home/kohki/endeza_ws/src/q2rpy'
[0.327s] INFO:colcon.colcon_core.plugin_system:Skipping extension 'colcon_core.shell.bat': Not used on non-Windows systems
[0.327s] INFO:colcon.colcon_core.shell:Skip shell extension 'powershell' for command environment: Not usable outside of PowerShell
[0.327s] DEBUG:colcon.colcon_core.shell:Skip shell extension 'dsv' for command environment
[0.332s] DEBUG:colcon.colcon_core.event_handler.log_command:Invoking command in '/home/kohki/endeza_ws/build/q2rpy': CMAKE_PREFIX_PATH=${CMAKE_PREFIX_PATH}:/home/kohki/turtlebot3_ws/install/turtlebot3_teleop:/home/kohki/turtlebot3_ws/install/turtlebot3_example:/opt/ros/humble /home/kohki/.local/bin/cmake /home/kohki/endeza_ws/src/q2rpy -DCMAKE_INSTALL_PREFIX=/home/kohki/endeza_ws/install/q2rpy
[1.470s] DEBUG:colcon.colcon_core.event_handler.log_command:Invoked command in '/home/kohki/endeza_ws/build/q2rpy' returned '0': CMAKE_PREFIX_PATH=${CMAKE_PREFIX_PATH}:/home/kohki/turtlebot3_ws/install/turtlebot3_teleop:/home/kohki/turtlebot3_ws/install/turtlebot3_example:/opt/ros/humble /home/kohki/.local/bin/cmake /home/kohki/endeza_ws/src/q2rpy -DCMAKE_INSTALL_PREFIX=/home/kohki/endeza_ws/install/q2rpy
[1.471s] DEBUG:colcon.colcon_core.event_handler.log_command:Invoking command in '/home/kohki/endeza_ws/build/q2rpy': CMAKE_PREFIX_PATH=${CMAKE_PREFIX_PATH}:/home/kohki/turtlebot3_ws/install/turtlebot3_teleop:/home/kohki/turtlebot3_ws/install/turtlebot3_example:/opt/ros/humble /home/kohki/.local/bin/cmake --build /home/kohki/endeza_ws/build/q2rpy -- -j12 -l12
[5.467s] DEBUG:colcon.colcon_core.event_handler.log_command:Invoked command in '/home/kohki/endeza_ws/build/q2rpy' returned '2': CMAKE_PREFIX_PATH=${CMAKE_PREFIX_PATH}:/home/kohki/turtlebot3_ws/install/turtlebot3_teleop:/home/kohki/turtlebot3_ws/install/turtlebot3_example:/opt/ros/humble /home/kohki/.local/bin/cmake --build /home/kohki/endeza_ws/build/q2rpy -- -j12 -l12
[5.500s] Level 1:colcon.colcon_core.environment:create_environment_scripts_only(q2rpy)
[5.503s] Level 1:colcon.colcon_core.environment:checking '/home/kohki/endeza_ws/install/q2rpy' for CMake module files
[5.503s] Level 1:colcon.colcon_core.environment:checking '/home/kohki/endeza_ws/install/q2rpy' for CMake config files
[5.503s] Level 1:colcon.colcon_core.environment:checking '/home/kohki/endeza_ws/install/q2rpy/bin'
[5.503s] Level 1:colcon.colcon_core.environment:checking '/home/kohki/endeza_ws/install/q2rpy/lib/pkgconfig/q2rpy.pc'
[5.504s] Level 1:colcon.colcon_core.environment:checking '/home/kohki/endeza_ws/install/q2rpy/lib/python3.10/site-packages'
[5.504s] Level 1:colcon.colcon_core.environment:checking '/home/kohki/endeza_ws/install/q2rpy/bin'
[5.504s] INFO:colcon.colcon_core.shell:Creating package script '/home/kohki/endeza_ws/install/q2rpy/share/q2rpy/package.ps1'
[5.505s] INFO:colcon.colcon_core.shell:Creating package descriptor '/home/kohki/endeza_ws/install/q2rpy/share/q2rpy/package.dsv'
[5.506s] INFO:colcon.colcon_core.shell:Creating package script '/home/kohki/endeza_ws/install/q2rpy/share/q2rpy/package.sh'
[5.506s] INFO:colcon.colcon_core.shell:Creating package script '/home/kohki/endeza_ws/install/q2rpy/share/q2rpy/package.bash'
[5.507s] INFO:colcon.colcon_core.shell:Creating package script '/home/kohki/endeza_ws/install/q2rpy/share/q2rpy/package.zsh'
[5.507s] Level 1:colcon.colcon_core.environment:create_file_with_runtime_dependencies(/home/kohki/endeza_ws/install/q2rpy/share/colcon-core/packages/q2rpy)
[5.518s] DEBUG:colcon.colcon_parallel_executor.executor.parallel:closing loop
[5.518s] DEBUG:colcon.colcon_parallel_executor.executor.parallel:loop closed
[5.518s] DEBUG:colcon.colcon_parallel_executor.executor.parallel:run_until_complete finished with '2'
[5.518s] DEBUG:colcon.colcon_core.event_reactor:joining thread
[5.525s] INFO:colcon.colcon_core.plugin_system:Skipping extension 'colcon_notification.desktop_notification.terminal_notifier': Not used on non-Darwin systems
[5.525s] INFO:colcon.colcon_core.plugin_system:Skipping extension 'colcon_notification.desktop_notification.win32': Not used on non-Windows systems
[5.525s] INFO:colcon.colcon_notification.desktop_notification:Sending desktop notification using 'notify2'
[5.536s] DEBUG:colcon.colcon_core.event_reactor:joined thread
[5.536s] INFO:colcon.colcon_core.shell:Creating prefix script '/home/kohki/endeza_ws/install/local_setup.ps1'
[5.537s] INFO:colcon.colcon_core.shell:Creating prefix util module '/home/kohki/endeza_ws/install/_local_setup_util_ps1.py'
[5.538s] INFO:colcon.colcon_core.shell:Creating prefix chain script '/home/kohki/endeza_ws/install/setup.ps1'
[5.540s] INFO:colcon.colcon_core.shell:Creating prefix script '/home/kohki/endeza_ws/install/local_setup.sh'
[5.540s] INFO:colcon.colcon_core.shell:Creating prefix util module '/home/kohki/endeza_ws/install/_local_setup_util_sh.py'
[5.541s] INFO:colcon.colcon_core.shell:Creating prefix chain script '/home/kohki/endeza_ws/install/setup.sh'
[5.542s] INFO:colcon.colcon_core.shell:Creating prefix script '/home/kohki/endeza_ws/install/local_setup.bash'
[5.542s] INFO:colcon.colcon_core.shell:Creating prefix chain script '/home/kohki/endeza_ws/install/setup.bash'
[5.543s] INFO:colcon.colcon_core.shell:Creating prefix script '/home/kohki/endeza_ws/install/local_setup.zsh'
[5.544s] INFO:colcon.colcon_core.shell:Creating prefix chain script '/home/kohki/endeza_ws/install/setup.zsh'
