[3.606s] Invoking command in '/home/a-raspi1/endeza_ws/src/pendulum': PYTHONPATH=/home/a-raspi1/endeza_ws/build/pendulum/prefix_override:/usr/lib/python3/dist-packages/colcon_core/task/python/colcon_distutils_commands:/home/a-raspi1/endeza_ws/install/pendulum/lib/python3.10/site-packages:${PYTHONPATH} /usr/bin/python3 -W ignore:setup.py install is deprecated setup.py egg_info --egg-base ../../build/pendulum build --build-base /home/a-raspi1/endeza_ws/build/pendulum/build install --record /home/a-raspi1/endeza_ws/build/pendulum/install.log --single-version-externally-managed install_data
[5.224s] running egg_info
[5.226s] creating ../../build/pendulum/pendulum.egg-info
[5.227s] writing ../../build/pendulum/pendulum.egg-info/PKG-INFO
[5.228s] writing dependency_links to ../../build/pendulum/pendulum.egg-info/dependency_links.txt
[5.229s] writing entry points to ../../build/pendulum/pendulum.egg-info/entry_points.txt
[5.230s] writing requirements to ../../build/pendulum/pendulum.egg-info/requires.txt
[5.231s] writing top-level names to ../../build/pendulum/pendulum.egg-info/top_level.txt
[5.232s] writing manifest file '../../build/pendulum/pendulum.egg-info/SOURCES.txt'
[5.242s] reading manifest file '../../build/pendulum/pendulum.egg-info/SOURCES.txt'
[5.246s] writing manifest file '../../build/pendulum/pendulum.egg-info/SOURCES.txt'
[5.247s] running build
[5.247s] running build_py
[5.248s] creating /home/a-raspi1/endeza_ws/build/pendulum/build
[5.249s] creating /home/a-raspi1/endeza_ws/build/pendulum/build/lib
[5.250s] creating /home/a-raspi1/endeza_ws/build/pendulum/build/lib/pendulum
[5.250s] copying pendulum/pendulum.py -> /home/a-raspi1/endeza_ws/build/pendulum/build/lib/pendulum
[5.251s] copying pendulum/__init__.py -> /home/a-raspi1/endeza_ws/build/pendulum/build/lib/pendulum
[5.252s] running install
[5.253s] running install_lib
[5.257s] creating /home/a-raspi1/endeza_ws/install/pendulum/lib/python3.10/site-packages/pendulum
[5.258s] copying /home/a-raspi1/endeza_ws/build/pendulum/build/lib/pendulum/pendulum.py -> /home/a-raspi1/endeza_ws/install/pendulum/lib/python3.10/site-packages/pendulum
[5.259s] copying /home/a-raspi1/endeza_ws/build/pendulum/build/lib/pendulum/__init__.py -> /home/a-raspi1/endeza_ws/install/pendulum/lib/python3.10/site-packages/pendulum
[5.262s] byte-compiling /home/a-raspi1/endeza_ws/install/pendulum/lib/python3.10/site-packages/pendulum/pendulum.py to pendulum.cpython-310.pyc
[5.266s] byte-compiling /home/a-raspi1/endeza_ws/install/pendulum/lib/python3.10/site-packages/pendulum/__init__.py to __init__.cpython-310.pyc
[5.267s] running install_data
[5.268s] creating /home/a-raspi1/endeza_ws/install/pendulum/share/ament_index
[5.269s] creating /home/a-raspi1/endeza_ws/install/pendulum/share/ament_index/resource_index
[5.269s] creating /home/a-raspi1/endeza_ws/install/pendulum/share/ament_index/resource_index/packages
[5.270s] copying resource/pendulum -> /home/a-raspi1/endeza_ws/install/pendulum/share/ament_index/resource_index/packages
[5.270s] copying package.xml -> /home/a-raspi1/endeza_ws/install/pendulum/share/pendulum
[5.271s] running install_egg_info
[5.279s] Copying ../../build/pendulum/pendulum.egg-info to /home/a-raspi1/endeza_ws/install/pendulum/lib/python3.10/site-packages/pendulum-0.0.0-py3.10.egg-info
[5.286s] running install_scripts
[5.380s] Installing pendulum script to /home/a-raspi1/endeza_ws/install/pendulum/lib/pendulum
[5.382s] writing list of installed files to '/home/a-raspi1/endeza_ws/build/pendulum/install.log'
[5.535s] Invoked command in '/home/a-raspi1/endeza_ws/src/pendulum' returned '0': PYTHONPATH=/home/a-raspi1/endeza_ws/build/pendulum/prefix_override:/usr/lib/python3/dist-packages/colcon_core/task/python/colcon_distutils_commands:/home/a-raspi1/endeza_ws/install/pendulum/lib/python3.10/site-packages:${PYTHONPATH} /usr/bin/python3 -W ignore:setup.py install is deprecated setup.py egg_info --egg-base ../../build/pendulum build --build-base /home/a-raspi1/endeza_ws/build/pendulum/build install --record /home/a-raspi1/endeza_ws/build/pendulum/install.log --single-version-externally-managed install_data
