[0.009s] Invoking command in '/home/kohki/endeza_ws/build/q2rpy': CMAKE_PREFIX_PATH=${CMAKE_PREFIX_PATH}:/home/kohki/turtlebot3_ws/install/turtlebot3_teleop:/home/kohki/turtlebot3_ws/install/turtlebot3_example:/opt/ros/humble /home/kohki/.local/bin/cmake --build /home/kohki/endeza_ws/build/q2rpy -- -j12 -l12
[0.054s] [ 50%] [32mBuilding CXX object CMakeFiles/q2qpy.dir/src/q2qpy.cpp.o[0m
[6.892s] [100%] [32m[1mLinking CXX executable q2qpy[0m
[7.203s] [100%] Built target q2qpy
[7.215s] Invoked command in '/home/kohki/endeza_ws/build/q2rpy' returned '0': CMAKE_PREFIX_PATH=${CMAKE_PREFIX_PATH}:/home/kohki/turtlebot3_ws/install/turtlebot3_teleop:/home/kohki/turtlebot3_ws/install/turtlebot3_example:/opt/ros/humble /home/kohki/.local/bin/cmake --build /home/kohki/endeza_ws/build/q2rpy -- -j12 -l12
[7.273s] Invoking command in '/home/kohki/endeza_ws/build/q2rpy': CMAKE_PREFIX_PATH=${CMAKE_PREFIX_PATH}:/home/kohki/turtlebot3_ws/install/turtlebot3_teleop:/home/kohki/turtlebot3_ws/install/turtlebot3_example:/opt/ros/humble /home/kohki/.local/bin/cmake --install /home/kohki/endeza_ws/build/q2rpy
[7.293s] -- Install configuration: ""
[7.293s] -- Installing: /home/kohki/endeza_ws/install/q2rpy/lib/q2rpy/q2qpy
[7.295s] -- Set runtime path of "/home/kohki/endeza_ws/install/q2rpy/lib/q2rpy/q2qpy" to ""
[7.295s] -- Up-to-date: /home/kohki/endeza_ws/install/q2rpy/share/ament_index/resource_index/package_run_dependencies/q2rpy
[7.295s] -- Up-to-date: /home/kohki/endeza_ws/install/q2rpy/share/ament_index/resource_index/parent_prefix_path/q2rpy
[7.295s] -- Up-to-date: /home/kohki/endeza_ws/install/q2rpy/share/q2rpy/environment/ament_prefix_path.sh
[7.295s] -- Up-to-date: /home/kohki/endeza_ws/install/q2rpy/share/q2rpy/environment/ament_prefix_path.dsv
[7.295s] -- Up-to-date: /home/kohki/endeza_ws/install/q2rpy/share/q2rpy/environment/path.sh
[7.295s] -- Up-to-date: /home/kohki/endeza_ws/install/q2rpy/share/q2rpy/environment/path.dsv
[7.295s] -- Up-to-date: /home/kohki/endeza_ws/install/q2rpy/share/q2rpy/local_setup.bash
[7.296s] -- Up-to-date: /home/kohki/endeza_ws/install/q2rpy/share/q2rpy/local_setup.sh
[7.296s] -- Up-to-date: /home/kohki/endeza_ws/install/q2rpy/share/q2rpy/local_setup.zsh
[7.296s] -- Up-to-date: /home/kohki/endeza_ws/install/q2rpy/share/q2rpy/local_setup.dsv
[7.296s] -- Installing: /home/kohki/endeza_ws/install/q2rpy/share/q2rpy/package.dsv
[7.296s] -- Up-to-date: /home/kohki/endeza_ws/install/q2rpy/share/ament_index/resource_index/packages/q2rpy
[7.296s] -- Up-to-date: /home/kohki/endeza_ws/install/q2rpy/share/q2rpy/cmake/q2rpyConfig.cmake
[7.296s] -- Up-to-date: /home/kohki/endeza_ws/install/q2rpy/share/q2rpy/cmake/q2rpyConfig-version.cmake
[7.296s] -- Up-to-date: /home/kohki/endeza_ws/install/q2rpy/share/q2rpy/package.xml
[7.299s] Invoked command in '/home/kohki/endeza_ws/build/q2rpy' returned '0': CMAKE_PREFIX_PATH=${CMAKE_PREFIX_PATH}:/home/kohki/turtlebot3_ws/install/turtlebot3_teleop:/home/kohki/turtlebot3_ws/install/turtlebot3_example:/opt/ros/humble /home/kohki/.local/bin/cmake --install /home/kohki/endeza_ws/build/q2rpy
