-- The C compiler identification is GNU 11.4.0
-- The CXX compiler identification is GNU 11.4.0
-- Detecting C compiler ABI info
-- Detecting C compiler ABI info - done
-- Check for working C compiler: /usr/bin/cc - skipped
-- Detecting C compile features
-- Detecting C compile features - done
-- Detecting CXX compiler ABI info
-- Detecting CXX compiler ABI info - done
-- Check for working CXX compiler: /usr/bin/c++ - skipped
-- Detecting CXX compile features
-- Detecting CXX compile features - done
-- Found ament_cmake: 1.3.10 (/opt/ros/humble/share/ament_cmake/cmake)
-- Found Python3: /usr/bin/python3 (found version "3.10.12") found components: Interpreter 
-- Found rclcpp: 16.0.10 (/opt/ros/humble/share/rclcpp/cmake)
-- Found rosidl_generator_c: 3.1.5 (/opt/ros/humble/share/rosidl_generator_c/cmake)
-- Found rosidl_adapter: 3.1.5 (/opt/ros/humble/share/rosidl_adapter/cmake)
-- Found rosidl_generator_cpp: 3.1.5 (/opt/ros/humble/share/rosidl_generator_cpp/cmake)
-- Using all available rosidl_typesupport_c: rosidl_typesupport_fastrtps_c;rosidl_typesupport_introspection_c
-- Using all available rosidl_typesupport_cpp: rosidl_typesupport_fastrtps_cpp;rosidl_typesupport_introspection_cpp
-- Found rmw_implementation_cmake: 6.1.2 (/opt/ros/humble/share/rmw_implementation_cmake/cmake)
-- Found rmw_fastrtps_cpp: 6.2.7 (/opt/ros/humble/share/rmw_fastrtps_cpp/cmake)
-- Found OpenSSL: /usr/lib/aarch64-linux-gnu/libcrypto.so (found version "3.0.2")  
-- Found FastRTPS: /opt/ros/humble/include  
-- Using RMW implementation 'rmw_fastrtps_cpp' as default
-- Performing Test CMAKE_HAVE_LIBC_PTHREAD
-- Performing Test CMAKE_HAVE_LIBC_PTHREAD - Success
-- Found Threads: TRUE  
-- Found sensor_msgs: 4.2.4 (/opt/ros/humble/share/sensor_msgs/cmake)
-- Found tf2: 0.25.8 (/opt/ros/humble/share/tf2/cmake)
-- Found tf2_ros: 0.25.8 (/opt/ros/humble/share/tf2_ros/cmake)
-- Found tf2_geometry_msgs: 0.25.8 (/opt/ros/humble/share/tf2_geometry_msgs/cmake)
-- Found eigen3_cmake_module: 0.1.1 (/opt/ros/humble/share/eigen3_cmake_module/cmake)
-- Found Eigen3: TRUE (found version "3.4.0") 
-- Ensuring Eigen3 include directory is part of orocos-kdl CMake target
-- Found ament_lint_auto: 0.12.11 (/opt/ros/humble/share/ament_lint_auto/cmake)
-- Added test 'cppcheck' to perform static code analysis on C / C++ code
-- Configured cppcheck include dirs: $<BUILD_INTERFACE:/home/a-raspi1/endeza_ws/src/q2rpy/include>
-- Configured cppcheck exclude dirs and/or files: 
-- Added test 'lint_cmake' to check CMake code style
-- Added test 'uncrustify' to check C / C++ code style
-- Configured uncrustify additional arguments: 
-- Added test 'xmllint' to check XML markup files
-- Configuring done (10.7s)
-- Generating done (0.0s)
-- Build files have been written to: /home/a-raspi1/endeza_ws/build/q2rpy
[ 50%] [32mBuilding CXX object CMakeFiles/q2qpy.dir/src/q2qpy.cpp.o[0m
[100%] [32m[1mLinking CXX executable q2qpy[0m
[100%] Built target q2qpy
-- Install configuration: ""
-- Installing: /home/a-raspi1/endeza_ws/install/q2rpy/lib/q2rpy/q2qpy
-- Set runtime path of "/home/a-raspi1/endeza_ws/install/q2rpy/lib/q2rpy/q2qpy" to ""
-- Up-to-date: /home/a-raspi1/endeza_ws/install/q2rpy/share/ament_index/resource_index/package_run_dependencies/q2rpy
-- Installing: /home/a-raspi1/endeza_ws/install/q2rpy/share/ament_index/resource_index/parent_prefix_path/q2rpy
-- Installing: /home/a-raspi1/endeza_ws/install/q2rpy/share/q2rpy/environment/ament_prefix_path.sh
-- Installing: /home/a-raspi1/endeza_ws/install/q2rpy/share/q2rpy/environment/ament_prefix_path.dsv
-- Installing: /home/a-raspi1/endeza_ws/install/q2rpy/share/q2rpy/environment/path.sh
-- Installing: /home/a-raspi1/endeza_ws/install/q2rpy/share/q2rpy/environment/path.dsv
-- Up-to-date: /home/a-raspi1/endeza_ws/install/q2rpy/share/q2rpy/local_setup.bash
-- Installing: /home/a-raspi1/endeza_ws/install/q2rpy/share/q2rpy/local_setup.sh
-- Up-to-date: /home/a-raspi1/endeza_ws/install/q2rpy/share/q2rpy/local_setup.zsh
-- Installing: /home/a-raspi1/endeza_ws/install/q2rpy/share/q2rpy/local_setup.dsv
-- Installing: /home/a-raspi1/endeza_ws/install/q2rpy/share/q2rpy/package.dsv
-- Up-to-date: /home/a-raspi1/endeza_ws/install/q2rpy/share/ament_index/resource_index/packages/q2rpy
-- Up-to-date: /home/a-raspi1/endeza_ws/install/q2rpy/share/q2rpy/cmake/q2rpyConfig.cmake
-- Up-to-date: /home/a-raspi1/endeza_ws/install/q2rpy/share/q2rpy/cmake/q2rpyConfig-version.cmake
-- Up-to-date: /home/a-raspi1/endeza_ws/install/q2rpy/share/q2rpy/package.xml
