[0.727s] DEBUG:colcon:Command line arguments: ['/usr/bin/colcon', 'build']
[0.728s] DEBUG:colcon:Parsed command line arguments: Namespace(log_base=None, log_level=None, verb_name='build', build_base='build', install_base='install', merge_install=False, symlink_install=False, test_result_base=None, continue_on_error=False, executor='parallel', parallel_workers=4, event_handlers=None, ignore_user_meta=False, metas=['./colcon.meta'], base_paths=['.'], packages_ignore=None, packages_ignore_regex=None, paths=None, packages_up_to=None, packages_up_to_regex=None, packages_above=None, packages_above_and_dependencies=None, packages_above_depth=None, packages_select_by_dep=None, packages_skip_by_dep=None, packages_skip_up_to=None, packages_select_build_failed=False, packages_skip_build_finished=False, packages_select_test_failures=False, packages_skip_test_passed=False, packages_select=None, packages_skip=None, packages_select_regex=None, packages_skip_regex=None, packages_start=None, packages_end=None, allow_overriding=[], cmake_args=None, cmake_target=None, cmake_target_skip_unavailable=False, cmake_clean_cache=False, cmake_clean_first=False, cmake_force_configure=False, ament_cmake_args=None, catkin_cmake_args=None, catkin_skip_building_tests=False, verb_parser=<colcon_defaults.argument_parser.defaults.DefaultArgumentsDecorator object at 0xffffb939bb20>, verb_extension=<colcon_core.verb.build.BuildVerb object at 0xffffb950ce20>, main=<bound method BuildVerb.main of <colcon_core.verb.build.BuildVerb object at 0xffffb950ce20>>)
[2.335s] Level 1:colcon.colcon_core.package_discovery:discover_packages(colcon_meta) check parameters
[2.336s] Level 1:colcon.colcon_core.package_discovery:discover_packages(recursive) check parameters
[2.336s] Level 1:colcon.colcon_core.package_discovery:discover_packages(ignore) check parameters
[2.336s] Level 1:colcon.colcon_core.package_discovery:discover_packages(path) check parameters
[2.336s] Level 1:colcon.colcon_core.package_discovery:discover_packages(colcon_meta) discover
[2.337s] Level 1:colcon.colcon_core.package_discovery:discover_packages(recursive) discover
[2.337s] INFO:colcon.colcon_core.package_discovery:Crawling recursively for packages in '/home/a-raspi1/endeza_ws'
[2.337s] Level 1:colcon.colcon_core.package_identification:_identify(.) by extensions ['ignore', 'ignore_ament_install']
[2.338s] Level 1:colcon.colcon_core.package_identification:_identify(.) by extension 'ignore'
[2.338s] Level 1:colcon.colcon_core.package_identification:_identify(.) by extension 'ignore_ament_install'
[2.338s] Level 1:colcon.colcon_core.package_identification:_identify(.) by extensions ['colcon_pkg']
[2.339s] Level 1:colcon.colcon_core.package_identification:_identify(.) by extension 'colcon_pkg'
[2.339s] Level 1:colcon.colcon_core.package_identification:_identify(.) by extensions ['colcon_meta']
[2.339s] Level 1:colcon.colcon_core.package_identification:_identify(.) by extension 'colcon_meta'
[2.339s] Level 1:colcon.colcon_core.package_identification:_identify(.) by extensions ['ros']
[2.339s] Level 1:colcon.colcon_core.package_identification:_identify(.) by extension 'ros'
[2.400s] Level 1:colcon.colcon_core.package_identification:_identify(.) by extensions ['cmake', 'python']
[2.400s] Level 1:colcon.colcon_core.package_identification:_identify(.) by extension 'cmake'
[2.400s] Level 1:colcon.colcon_core.package_identification:_identify(.) by extension 'python'
[2.400s] Level 1:colcon.colcon_core.package_identification:_identify(.) by extensions ['python_setup_py']
[2.400s] Level 1:colcon.colcon_core.package_identification:_identify(.) by extension 'python_setup_py'
[2.401s] Level 1:colcon.colcon_core.package_identification:_identify(build) by extensions ['ignore', 'ignore_ament_install']
[2.401s] Level 1:colcon.colcon_core.package_identification:_identify(build) by extension 'ignore'
[2.402s] Level 1:colcon.colcon_core.package_identification:_identify(build) ignored
[2.402s] Level 1:colcon.colcon_core.package_identification:_identify(install) by extensions ['ignore', 'ignore_ament_install']
[2.403s] Level 1:colcon.colcon_core.package_identification:_identify(install) by extension 'ignore'
[2.403s] Level 1:colcon.colcon_core.package_identification:_identify(install) ignored
[2.404s] Level 1:colcon.colcon_core.package_identification:_identify(log) by extensions ['ignore', 'ignore_ament_install']
[2.404s] Level 1:colcon.colcon_core.package_identification:_identify(log) by extension 'ignore'
[2.404s] Level 1:colcon.colcon_core.package_identification:_identify(log) ignored
[2.405s] Level 1:colcon.colcon_core.package_identification:_identify(src) by extensions ['ignore', 'ignore_ament_install']
[2.405s] Level 1:colcon.colcon_core.package_identification:_identify(src) by extension 'ignore'
[2.405s] Level 1:colcon.colcon_core.package_identification:_identify(src) by extension 'ignore_ament_install'
[2.406s] Level 1:colcon.colcon_core.package_identification:_identify(src) by extensions ['colcon_pkg']
[2.406s] Level 1:colcon.colcon_core.package_identification:_identify(src) by extension 'colcon_pkg'
[2.406s] Level 1:colcon.colcon_core.package_identification:_identify(src) by extensions ['colcon_meta']
[2.406s] Level 1:colcon.colcon_core.package_identification:_identify(src) by extension 'colcon_meta'
[2.406s] Level 1:colcon.colcon_core.package_identification:_identify(src) by extensions ['ros']
[2.406s] Level 1:colcon.colcon_core.package_identification:_identify(src) by extension 'ros'
[2.407s] Level 1:colcon.colcon_core.package_identification:_identify(src) by extensions ['cmake', 'python']
[2.407s] Level 1:colcon.colcon_core.package_identification:_identify(src) by extension 'cmake'
[2.407s] Level 1:colcon.colcon_core.package_identification:_identify(src) by extension 'python'
[2.407s] Level 1:colcon.colcon_core.package_identification:_identify(src) by extensions ['python_setup_py']
[2.407s] Level 1:colcon.colcon_core.package_identification:_identify(src) by extension 'python_setup_py'
[2.408s] Level 1:colcon.colcon_core.package_identification:_identify(src/pendulum) by extensions ['ignore', 'ignore_ament_install']
[2.408s] Level 1:colcon.colcon_core.package_identification:_identify(src/pendulum) by extension 'ignore'
[2.409s] Level 1:colcon.colcon_core.package_identification:_identify(src/pendulum) by extension 'ignore_ament_install'
[2.409s] Level 1:colcon.colcon_core.package_identification:_identify(src/pendulum) by extensions ['colcon_pkg']
[2.409s] Level 1:colcon.colcon_core.package_identification:_identify(src/pendulum) by extension 'colcon_pkg'
[2.409s] Level 1:colcon.colcon_core.package_identification:_identify(src/pendulum) by extensions ['colcon_meta']
[2.409s] Level 1:colcon.colcon_core.package_identification:_identify(src/pendulum) by extension 'colcon_meta'
[2.410s] Level 1:colcon.colcon_core.package_identification:_identify(src/pendulum) by extensions ['ros']
[2.410s] Level 1:colcon.colcon_core.package_identification:_identify(src/pendulum) by extension 'ros'
[2.423s] DEBUG:colcon.colcon_core.package_identification:Package 'src/pendulum' with type 'ros.ament_python' and name 'pendulum'
[2.423s] Level 1:colcon.colcon_core.package_identification:_identify(src/q2rpy) by extensions ['ignore', 'ignore_ament_install']
[2.424s] Level 1:colcon.colcon_core.package_identification:_identify(src/q2rpy) by extension 'ignore'
[2.424s] Level 1:colcon.colcon_core.package_identification:_identify(src/q2rpy) by extension 'ignore_ament_install'
[2.425s] Level 1:colcon.colcon_core.package_identification:_identify(src/q2rpy) by extensions ['colcon_pkg']
[2.425s] Level 1:colcon.colcon_core.package_identification:_identify(src/q2rpy) by extension 'colcon_pkg'
[2.425s] Level 1:colcon.colcon_core.package_identification:_identify(src/q2rpy) by extensions ['colcon_meta']
[2.425s] Level 1:colcon.colcon_core.package_identification:_identify(src/q2rpy) by extension 'colcon_meta'
[2.425s] Level 1:colcon.colcon_core.package_identification:_identify(src/q2rpy) by extensions ['ros']
[2.426s] Level 1:colcon.colcon_core.package_identification:_identify(src/q2rpy) by extension 'ros'
[2.431s] DEBUG:colcon.colcon_core.package_identification:Package 'src/q2rpy' with type 'ros.ament_cmake' and name 'q2rpy'
[2.431s] Level 1:colcon.colcon_core.package_discovery:discover_packages(recursive) using defaults
[2.431s] Level 1:colcon.colcon_core.package_discovery:discover_packages(ignore) discover
[2.432s] Level 1:colcon.colcon_core.package_discovery:discover_packages(ignore) using defaults
[2.432s] Level 1:colcon.colcon_core.package_discovery:discover_packages(path) discover
[2.432s] Level 1:colcon.colcon_core.package_discovery:discover_packages(path) using defaults
[2.587s] Level 1:colcon.colcon_core.package_discovery:discover_packages(prefix_path) check parameters
[2.588s] Level 1:colcon.colcon_core.package_discovery:discover_packages(prefix_path) discover
[2.612s] DEBUG:colcon.colcon_installed_package_information.package_discovery:Found 292 installed packages in /opt/ros/humble
[2.622s] Level 1:colcon.colcon_core.package_discovery:discover_packages(prefix_path) using defaults
[2.840s] Level 5:colcon.colcon_core.verb:set package 'pendulum' build argument 'cmake_args' from command line to 'None'
[2.841s] Level 5:colcon.colcon_core.verb:set package 'pendulum' build argument 'cmake_target' from command line to 'None'
[2.841s] Level 5:colcon.colcon_core.verb:set package 'pendulum' build argument 'cmake_target_skip_unavailable' from command line to 'False'
[2.841s] Level 5:colcon.colcon_core.verb:set package 'pendulum' build argument 'cmake_clean_cache' from command line to 'False'
[2.841s] Level 5:colcon.colcon_core.verb:set package 'pendulum' build argument 'cmake_clean_first' from command line to 'False'
[2.841s] Level 5:colcon.colcon_core.verb:set package 'pendulum' build argument 'cmake_force_configure' from command line to 'False'
[2.841s] Level 5:colcon.colcon_core.verb:set package 'pendulum' build argument 'ament_cmake_args' from command line to 'None'
[2.841s] Level 5:colcon.colcon_core.verb:set package 'pendulum' build argument 'catkin_cmake_args' from command line to 'None'
[2.842s] Level 5:colcon.colcon_core.verb:set package 'pendulum' build argument 'catkin_skip_building_tests' from command line to 'False'
[2.842s] DEBUG:colcon.colcon_core.verb:Building package 'pendulum' with the following arguments: {'ament_cmake_args': None, 'build_base': '/home/a-raspi1/endeza_ws/build/pendulum', 'catkin_cmake_args': None, 'catkin_skip_building_tests': False, 'cmake_args': None, 'cmake_clean_cache': False, 'cmake_clean_first': False, 'cmake_force_configure': False, 'cmake_target': None, 'cmake_target_skip_unavailable': False, 'install_base': '/home/a-raspi1/endeza_ws/install/pendulum', 'merge_install': False, 'path': '/home/a-raspi1/endeza_ws/src/pendulum', 'symlink_install': False, 'test_result_base': None}
[2.844s] Level 5:colcon.colcon_core.verb:set package 'q2rpy' build argument 'cmake_args' from command line to 'None'
[2.844s] Level 5:colcon.colcon_core.verb:set package 'q2rpy' build argument 'cmake_target' from command line to 'None'
[2.844s] Level 5:colcon.colcon_core.verb:set package 'q2rpy' build argument 'cmake_target_skip_unavailable' from command line to 'False'
[2.844s] Level 5:colcon.colcon_core.verb:set package 'q2rpy' build argument 'cmake_clean_cache' from command line to 'False'
[2.844s] Level 5:colcon.colcon_core.verb:set package 'q2rpy' build argument 'cmake_clean_first' from command line to 'False'
[2.844s] Level 5:colcon.colcon_core.verb:set package 'q2rpy' build argument 'cmake_force_configure' from command line to 'False'
[2.844s] Level 5:colcon.colcon_core.verb:set package 'q2rpy' build argument 'ament_cmake_args' from command line to 'None'
[2.845s] Level 5:colcon.colcon_core.verb:set package 'q2rpy' build argument 'catkin_cmake_args' from command line to 'None'
[2.845s] Level 5:colcon.colcon_core.verb:set package 'q2rpy' build argument 'catkin_skip_building_tests' from command line to 'False'
[2.845s] DEBUG:colcon.colcon_core.verb:Building package 'q2rpy' with the following arguments: {'ament_cmake_args': None, 'build_base': '/home/a-raspi1/endeza_ws/build/q2rpy', 'catkin_cmake_args': None, 'catkin_skip_building_tests': False, 'cmake_args': None, 'cmake_clean_cache': False, 'cmake_clean_first': False, 'cmake_force_configure': False, 'cmake_target': None, 'cmake_target_skip_unavailable': False, 'install_base': '/home/a-raspi1/endeza_ws/install/q2rpy', 'merge_install': False, 'path': '/home/a-raspi1/endeza_ws/src/q2rpy', 'symlink_install': False, 'test_result_base': None}
[2.845s] INFO:colcon.colcon_core.executor:Executing jobs using 'parallel' executor
[2.849s] DEBUG:colcon.colcon_parallel_executor.executor.parallel:run_until_complete
[2.850s] INFO:colcon.colcon_ros.task.ament_python.build:Building ROS package in '/home/a-raspi1/endeza_ws/src/pendulum' with build type 'ament_python'
[2.851s] Level 1:colcon.colcon_core.shell:create_environment_hook('pendulum', 'ament_prefix_path')
[2.872s] INFO:colcon.colcon_core.plugin_system:Skipping extension 'colcon_core.shell.bat': Not used on non-Windows systems
[2.874s] INFO:colcon.colcon_core.shell:Creating environment hook '/home/a-raspi1/endeza_ws/install/pendulum/share/pendulum/hook/ament_prefix_path.ps1'
[2.878s] INFO:colcon.colcon_core.shell:Creating environment descriptor '/home/a-raspi1/endeza_ws/install/pendulum/share/pendulum/hook/ament_prefix_path.dsv'
[2.881s] INFO:colcon.colcon_core.shell:Creating environment hook '/home/a-raspi1/endeza_ws/install/pendulum/share/pendulum/hook/ament_prefix_path.sh'
[2.886s] INFO:colcon.colcon_core.shell:Skip shell extension 'powershell' for command environment: Not usable outside of PowerShell
[2.887s] DEBUG:colcon.colcon_core.shell:Skip shell extension 'dsv' for command environment
[2.907s] INFO:colcon.colcon_ros.task.ament_cmake.build:Building ROS package in '/home/a-raspi1/endeza_ws/src/q2rpy' with build type 'ament_cmake'
[2.908s] INFO:colcon.colcon_cmake.task.cmake.build:Building CMake package in '/home/a-raspi1/endeza_ws/src/q2rpy'
[2.909s] INFO:colcon.colcon_core.shell:Skip shell extension 'powershell' for command environment: Not usable outside of PowerShell
[2.909s] DEBUG:colcon.colcon_core.shell:Skip shell extension 'dsv' for command environment
[6.116s] INFO:colcon.colcon_core.task.python.build:Building Python package in '/home/a-raspi1/endeza_ws/src/pendulum'
[6.118s] INFO:colcon.colcon_core.shell:Skip shell extension 'powershell' for command environment: Not usable outside of PowerShell
[6.118s] DEBUG:colcon.colcon_core.shell:Skip shell extension 'dsv' for command environment
[6.159s] DEBUG:colcon.colcon_core.event_handler.log_command:Invoking command in '/home/a-raspi1/endeza_ws/build/q2rpy': CMAKE_PREFIX_PATH=/opt/ros/humble /home/a-raspi1/.local/bin/cmake --build /home/a-raspi1/endeza_ws/build/q2rpy -- -j4 -l4
[6.611s] DEBUG:colcon.colcon_core.event_handler.log_command:Invoked command in '/home/a-raspi1/endeza_ws/build/q2rpy' returned '2': CMAKE_PREFIX_PATH=/opt/ros/humble /home/a-raspi1/.local/bin/cmake --build /home/a-raspi1/endeza_ws/build/q2rpy -- -j4 -l4
[6.860s] Level 1:colcon.colcon_core.environment:create_environment_scripts_only(q2rpy)
[6.886s] Level 1:colcon.colcon_core.environment:checking '/home/a-raspi1/endeza_ws/install/q2rpy' for CMake module files
[6.890s] Level 1:colcon.colcon_core.environment:checking '/home/a-raspi1/endeza_ws/install/q2rpy' for CMake config files
[6.892s] Level 1:colcon.colcon_core.shell:create_environment_hook('q2rpy', 'cmake_prefix_path')
[6.893s] INFO:colcon.colcon_core.shell:Creating environment hook '/home/a-raspi1/endeza_ws/install/q2rpy/share/q2rpy/hook/cmake_prefix_path.ps1'
[6.896s] INFO:colcon.colcon_core.shell:Creating environment descriptor '/home/a-raspi1/endeza_ws/install/q2rpy/share/q2rpy/hook/cmake_prefix_path.dsv'
[6.898s] INFO:colcon.colcon_core.shell:Creating environment hook '/home/a-raspi1/endeza_ws/install/q2rpy/share/q2rpy/hook/cmake_prefix_path.sh'
[6.901s] Level 1:colcon.colcon_core.environment:checking '/home/a-raspi1/endeza_ws/install/q2rpy/lib'
[6.902s] Level 1:colcon.colcon_core.environment:checking '/home/a-raspi1/endeza_ws/install/q2rpy/bin'
[6.903s] Level 1:colcon.colcon_core.environment:checking '/home/a-raspi1/endeza_ws/install/q2rpy/lib/pkgconfig/q2rpy.pc'
[6.904s] Level 1:colcon.colcon_core.environment:checking '/home/a-raspi1/endeza_ws/install/q2rpy/lib/python3.10/site-packages'
[6.905s] Level 1:colcon.colcon_core.environment:checking '/home/a-raspi1/endeza_ws/install/q2rpy/bin'
[6.906s] INFO:colcon.colcon_core.shell:Creating package script '/home/a-raspi1/endeza_ws/install/q2rpy/share/q2rpy/package.ps1'
[6.912s] INFO:colcon.colcon_core.shell:Creating package descriptor '/home/a-raspi1/endeza_ws/install/q2rpy/share/q2rpy/package.dsv'
[6.916s] INFO:colcon.colcon_core.shell:Creating package script '/home/a-raspi1/endeza_ws/install/q2rpy/share/q2rpy/package.sh'
[6.921s] INFO:colcon.colcon_core.shell:Creating package script '/home/a-raspi1/endeza_ws/install/q2rpy/share/q2rpy/package.bash'
[6.927s] INFO:colcon.colcon_core.shell:Creating package script '/home/a-raspi1/endeza_ws/install/q2rpy/share/q2rpy/package.zsh'
[6.931s] Level 1:colcon.colcon_core.environment:create_file_with_runtime_dependencies(/home/a-raspi1/endeza_ws/install/q2rpy/share/colcon-core/packages/q2rpy)
[8.248s] DEBUG:colcon.colcon_parallel_executor.executor.parallel:closing loop
[8.249s] DEBUG:colcon.colcon_parallel_executor.executor.parallel:loop closed
[8.249s] DEBUG:colcon.colcon_parallel_executor.executor.parallel:run_until_complete finished with '2'
[8.249s] DEBUG:colcon.colcon_core.event_reactor:joining thread
[8.279s] INFO:colcon.colcon_core.plugin_system:Skipping extension 'colcon_notification.desktop_notification.terminal_notifier': Not used on non-Darwin systems
[8.279s] INFO:colcon.colcon_core.plugin_system:Skipping extension 'colcon_notification.desktop_notification.win32': Not used on non-Windows systems
[8.279s] INFO:colcon.colcon_notification.desktop_notification:Sending desktop notification using 'notify2'
[8.383s] DEBUG:colcon.colcon_core.event_reactor:joined thread
[8.384s] INFO:colcon.colcon_core.shell:Creating prefix script '/home/a-raspi1/endeza_ws/install/local_setup.ps1'
[8.392s] INFO:colcon.colcon_core.shell:Creating prefix util module '/home/a-raspi1/endeza_ws/install/_local_setup_util_ps1.py'
[8.402s] INFO:colcon.colcon_core.shell:Creating prefix chain script '/home/a-raspi1/endeza_ws/install/setup.ps1'
[8.410s] INFO:colcon.colcon_core.shell:Creating prefix script '/home/a-raspi1/endeza_ws/install/local_setup.sh'
[8.415s] INFO:colcon.colcon_core.shell:Creating prefix util module '/home/a-raspi1/endeza_ws/install/_local_setup_util_sh.py'
[8.419s] INFO:colcon.colcon_core.shell:Creating prefix chain script '/home/a-raspi1/endeza_ws/install/setup.sh'
[8.426s] INFO:colcon.colcon_core.shell:Creating prefix script '/home/a-raspi1/endeza_ws/install/local_setup.bash'
[8.430s] INFO:colcon.colcon_core.shell:Creating prefix chain script '/home/a-raspi1/endeza_ws/install/setup.bash'
[8.438s] INFO:colcon.colcon_core.shell:Creating prefix script '/home/a-raspi1/endeza_ws/install/local_setup.zsh'
[8.442s] INFO:colcon.colcon_core.shell:Creating prefix chain script '/home/a-raspi1/endeza_ws/install/setup.zsh'
