[ 50%] [32mBuilding CXX object CMakeFiles/q2qpy.dir/src/q2qpy.cpp.o[0m
[100%] [32m[1mLinking CXX executable q2qpy[0m
[100%] Built target q2qpy
-- Install configuration: ""
-- Installing: /home/kohki/endeza_ws/install/q2rpy/lib/q2rpy/q2qpy
-- Set runtime path of "/home/kohki/endeza_ws/install/q2rpy/lib/q2rpy/q2qpy" to ""
-- Installing: /home/kohki/endeza_ws/install/q2rpy/share/ament_index/resource_index/package_run_dependencies/q2rpy
-- Installing: /home/kohki/endeza_ws/install/q2rpy/share/ament_index/resource_index/parent_prefix_path/q2rpy
-- Installing: /home/kohki/endeza_ws/install/q2rpy/share/q2rpy/environment/ament_prefix_path.sh
-- Installing: /home/kohki/endeza_ws/install/q2rpy/share/q2rpy/environment/ament_prefix_path.dsv
-- Installing: /home/kohki/endeza_ws/install/q2rpy/share/q2rpy/environment/path.sh
-- Installing: /home/kohki/endeza_ws/install/q2rpy/share/q2rpy/environment/path.dsv
-- Installing: /home/kohki/endeza_ws/install/q2rpy/share/q2rpy/local_setup.bash
-- Installing: /home/kohki/endeza_ws/install/q2rpy/share/q2rpy/local_setup.sh
-- Installing: /home/kohki/endeza_ws/install/q2rpy/share/q2rpy/local_setup.zsh
-- Installing: /home/kohki/endeza_ws/install/q2rpy/share/q2rpy/local_setup.dsv
-- Installing: /home/kohki/endeza_ws/install/q2rpy/share/q2rpy/package.dsv
-- Installing: /home/kohki/endeza_ws/install/q2rpy/share/ament_index/resource_index/packages/q2rpy
-- Installing: /home/kohki/endeza_ws/install/q2rpy/share/q2rpy/cmake/q2rpyConfig.cmake
-- Installing: /home/kohki/endeza_ws/install/q2rpy/share/q2rpy/cmake/q2rpyConfig-version.cmake
-- Installing: /home/kohki/endeza_ws/install/q2rpy/share/q2rpy/package.xml
